<?xml version="1.0" encoding="UTF-8"?>
<!-- Generated by org.testng.reporters.JUnitReportReporter -->
<testsuite hostname="LAPTOP-NF6R4G1U" failures="0" tests="4" name="testCases.TC003_LoginDDT" time="48.261" errors="0" timestamp="2025-09-28T01:52:57 IST" skipped="0">
  <testcase classname="testCases.TC003_LoginDDT" name="verfy_loginDDT" time="5.735"/>
  <testcase classname="testCases.TC003_LoginDDT" name="verfy_loginDDT" time="13.546"/>
  <testcase classname="testCases.TC003_LoginDDT" name="verfy_loginDDT" time="12.974"/>
  <testcase classname="testCases.TC003_LoginDDT" name="verfy_loginDDT" time="16.006"/>
</testsuite> <!-- testCases.TC003_LoginDDT -->
