<?xml version="1.0" encoding="UTF-8"?>
<!-- Generated by org.testng.reporters.JUnitReportReporter -->
<testsuite hostname="LAPTOP-NF6R4G1U" failures="0" tests="1" name="testCases.TC002_LoginTest" time="4.246" errors="0" timestamp="2025-09-28T23:03:29 IST" skipped="0">
  <testcase classname="testCases.TC002_LoginTest" name="verify_Account_Login" time="4.246"/>
</testsuite> <!-- testCases.TC002_LoginTest -->
